DiagnosticsPlugin.exe Information: 0 : [22.05.2017 6:24:58] Starting DiagnosticPlugin.exe DiagnosticPlugin-ShutdownEvent DiagnosticPlugin-TotalShutdownEvent -wadVer1v5
DiagnosticsPlugin.exe Error: 0 : [22.05.2017 6:24:59] Failed to save IIS Directory state
DiagnosticsPlugin.exe Error: 0 : [22.05.2017 6:24:59] System.Runtime.InteropServices.COMException (0x80040154): Не удалось получить фабрику класса COM для компонента с CLSID {2B72133B-3F5B-4602-8952-803546CE3344} из-за следующей ошибки: 80040154 Класс не зарегистрирован (Исключение из HRESULT: 0x80040154 (REGDB_E_CLASSNOTREG)).
   в System.Runtime.Remoting.RemotingServices.AllocateUninitializedObject(RuntimeType objectType)
   в System.Runtime.Remoting.Activation.ActivationServices.CreateInstance(RuntimeType serverType)
   в System.Runtime.Remoting.Activation.ActivationServices.IsCurrentContextOK(RuntimeType serverType, Object[] props, Boolean bNewObj)
   в System.RuntimeTypeHandle.CreateInstance(RuntimeType type, Boolean publicOnly, Boolean noCheck, Boolean& canBeCached, RuntimeMethodHandleInternal& ctor, Boolean& bNeedSecurityCheck)
   в System.RuntimeType.CreateInstanceSlow(Boolean publicOnly, Boolean skipCheckThis, Boolean fillCache, StackCrawlMark& stackMark)
   в System.Activator.CreateInstance[T]()
   в Microsoft.Web.Administration.ConfigurationManager.CreateAdminManager[TClass,TInterface](WebConfigurationMap webConfigMap, Boolean isAdminConfig)
   в Microsoft.Web.Administration.ConfigurationManager.CreateConfiguration(WebConfigurationMap configMap, String configPathToEdit, Boolean isAdminConfig)
   в Microsoft.Web.Administration.ConfigurationManager.GetConfiguration(String rawConfigurationPath, String cacheKey, Boolean isAdminConfig)
   в Microsoft.Web.Administration.ServerManager.get_SitesSection()
   в Microsoft.Web.Administration.ServerManager.get_Sites()
   в Microsoft.Azure.Plugins.Plugin.DiagnosticsPluginManager.SaveIISDirectoryState()
DiagnosticsPlugin.exe Information: 0 : [22.05.2017 6:24:59] Starting DiagnosticsPlugin
DiagnosticsPlugin.exe Information: 0 : [22.05.2017 6:24:59] Emulator config file set to C:\Users\carak\OneDrive\Documents\PostPhoto\AzurePostPhoto\AzurePostPhoto\csx\Debug\roles\PostPhoto\approot\diagnostics.wadcfgx
DiagnosticsPlugin.exe Information: 0 : [22.05.2017 6:24:59] DiagnosticsStoreRootPath set to: C:\Users\carak\AppData\Local\dftmp\Resources\9c02d0a1-e7c0-4d1b-a1bb-f61625fa6dc5
DiagnosticsPlugin.exe Information: 0 : [22.05.2017 6:24:59] Loading config file: C:\Users\carak\OneDrive\Documents\PostPhoto\AzurePostPhoto\AzurePostPhoto\csx\Debug\roles\PostPhoto\approot\diagnostics.wadcfgx
DiagnosticsPlugin.exe Information: 0 : [22.05.2017 6:24:59] Config file to read: C:\Users\carak\OneDrive\Documents\PostPhoto\AzurePostPhoto\AzurePostPhoto\csx\Debug\roles\PostPhoto\approot\diagnostics.wadcfgx
DiagnosticsPlugin.exe Information: 0 : [22.05.2017 6:24:59] Checking VM Type
DiagnosticsPlugin.exe Information: 0 : [22.05.2017 6:24:59] Emulator config file set to C:\Users\carak\OneDrive\Documents\PostPhoto\AzurePostPhoto\AzurePostPhoto\csx\Debug\roles\PostPhoto\approot\diagnostics.wadcfgx
DiagnosticsPlugin.exe Information: 0 : [22.05.2017 6:24:59] Extension set to Emulator Mode
DiagnosticsPlugin.exe Information: 0 : [22.05.2017 6:24:59] Reading XML configuration file
DiagnosticsPlugin.exe Information: 0 : [22.05.2017 6:24:59] Bypassing private config decryption
DiagnosticsPlugin.exe Information: 0 : [22.05.2017 6:24:59] WadCfg is provided in initial configuration. Using that to initialize Diagnostics.
DiagnosticsPlugin.exe Information: 0 : [22.05.2017 6:24:59] <PublicConfig xmlns="http://schemas.microsoft.com/ServiceHosting/2010/10/DiagnosticsConfiguration">
  <WadCfg>
    <DiagnosticMonitorConfiguration overallQuotaInMB="4096" sinks="applicationInsights.errors">
      <DiagnosticInfrastructureLogs scheduledTransferLogLevelFilter="Error" />
      <Directories scheduledTransferPeriod="PT1M">
        <IISLogs containerName="wad-iis-logfiles" />
        <FailedRequestLogs containerName="wad-failedrequestlogs" />
      </Directories>
      <PerformanceCounters scheduledTransferPeriod="PT1M">
        <PerformanceCounterConfiguration counterSpecifier="\Memory\Available MBytes" sampleRate="PT3M" />
        <PerformanceCounterConfiguration counterSpecifier="\Web Service(_Total)\ISAPI Extension Requests/sec" sampleRate="PT3M" />
        <PerformanceCounterConfiguration counterSpecifier="\Web Service(_Total)\Bytes Total/Sec" sampleRate="PT3M" />
        <PerformanceCounterConfiguration counterSpecifier="\ASP.NET Applications(__Total__)\Requests/Sec" sampleRate="PT3M" />
        <PerformanceCounterConfiguration counterSpecifier="\ASP.NET Applications(__Total__)\Errors Total/Sec" sampleRate="PT3M" />
        <PerformanceCounterConfiguration counterSpecifier="\ASP.NET\Requests Queued" sampleRate="PT3M" />
        <PerformanceCounterConfiguration counterSpecifier="\ASP.NET\Requests Rejected" sampleRate="PT3M" />
        <PerformanceCounterConfiguration counterSpecifier="\Processor(_Total)\% Processor Time" sampleRate="PT3M" />
      </PerformanceCounters>
      <WindowsEventLog scheduledTransferPeriod="PT1M">
        <DataSource name="Application!*[System[(Level=1 or Level=2 or Level=3)]]" />
        <DataSource name="Windows Azure!*[System[(Level=1 or Level=2 or Level=3 or Level=4)]]" />
      </WindowsEventLog>
      <CrashDumps>
        <CrashDumpConfiguration processName="WaIISHost.exe" />
        <CrashDumpConfiguration processName="WaWorkerHost.exe" />
        <CrashDumpConfiguration processName="w3wp.exe" />
      </CrashDumps>
      <Logs scheduledTransferPeriod="PT1M" scheduledTransferLogLevelFilter="Error" />
    </DiagnosticMonitorConfiguration>
    <SinksConfig>
      <Sink name="applicationInsights">
        <ApplicationInsights>e5c3724b-3744-4ea5-adea-b25079951e36</ApplicationInsights>
        <Channels>
          <Channel logLevel="Error" name="errors" />
        </Channels>
      </Sink>
    </SinksConfig>
  </WadCfg>
  <StorageAccount>devstoreaccount1</StorageAccount>
</PublicConfig>
DiagnosticsPlugin.exe Information: 0 : [22.05.2017 6:24:59] Private setting is loaded
DiagnosticsPlugin.exe Information: 0 : [22.05.2017 6:24:59] Is config json/xml loaded
DiagnosticsPlugin.exe Information: 0 : [22.05.2017 6:24:59] Checking if configuration needs to be fetched from the storage account and doing so if needed.
DiagnosticsPlugin.exe Information: 0 : [22.05.2017 6:25:00] Successfully created checkpoint file C:\Users\carak\AppData\Local\dftmp\Resources\9c02d0a1-e7c0-4d1b-a1bb-f61625fa6dc5\WAD0105\Configuration\Checkpoint.txt
DiagnosticsPlugin.exe Information: 0 : [22.05.2017 6:25:00] Will use local resource directory C:\Users\carak\AppData\Local\dftmp\Resources\9c02d0a1-e7c0-4d1b-a1bb-f61625fa6dc5\WAD0105
DiagnosticsPlugin.exe Information: 0 : [22.05.2017 6:25:00] Will use endpoint https://core.windows.net for storage.
DiagnosticsPlugin.exe Information: 0 : [22.05.2017 6:25:03] Exception in creating the ServerManager; is IIS installed?
 Error:System.Runtime.InteropServices.COMException (0x80040154): Не удалось получить фабрику класса COM для компонента с CLSID {2B72133B-3F5B-4602-8952-803546CE3344} из-за следующей ошибки: 80040154 Класс не зарегистрирован (Исключение из HRESULT: 0x80040154 (REGDB_E_CLASSNOTREG)).
   в System.Runtime.Remoting.RemotingServices.AllocateUninitializedObject(RuntimeType objectType)
   в System.Runtime.Remoting.Activation.ActivationServices.CreateInstance(RuntimeType serverType)
   в System.Runtime.Remoting.Activation.ActivationServices.IsCurrentContextOK(RuntimeType serverType, Object[] props, Boolean bNewObj)
   в System.RuntimeTypeHandle.CreateInstance(RuntimeType type, Boolean publicOnly, Boolean noCheck, Boolean& canBeCached, RuntimeMethodHandleInternal& ctor, Boolean& bNeedSecurityCheck)
   в System.RuntimeType.CreateInstanceSlow(Boolean publicOnly, Boolean skipCheckThis, Boolean fillCache, StackCrawlMark& stackMark)
   в System.Activator.CreateInstance[T]()
   в Microsoft.Web.Administration.ConfigurationManager.CreateAdminManager[TClass,TInterface](WebConfigurationMap webConfigMap, Boolean isAdminConfig)
   в Microsoft.Web.Administration.ConfigurationManager.CreateConfiguration(WebConfigurationMap configMap, String configPathToEdit, Boolean isAdminConfig)
   в Microsoft.Web.Administration.ConfigurationManager.GetConfiguration(String rawConfigurationPath, String cacheKey, Boolean isAdminConfig)
   в Microsoft.Web.Administration.ServerManager.get_SitesSection()
   в Microsoft.Web.Administration.ServerManager.get_Sites()
   в Microsoft.Azure.Plugins.Plugin.WadConfigProcessor.AddDirectories(EventsType mdsEvents, Directories wadDirectories)
DiagnosticsPlugin.exe Information: 0 : [22.05.2017 6:25:03] Running in emulator mode, crash dumps not enabled
DiagnosticsPlugin.exe Information: 0 : [22.05.2017 6:25:03] Checking to see if Application Insights extension needs to be configured.
DiagnosticsPlugin.exe Information: 0 : [22.05.2017 6:25:03] Adding Application Insights extension to MA config
DiagnosticsPlugin.exe Information: 0 : [22.05.2017 6:25:05] In emulator mode and using devstore updating XStoreAccount info, command line args: -LocalPath "C:\Users\carak\AppData\Local\dftmp\Resources\9c02d0a1-e7c0-4d1b-a1bb-f61625fa6dc5\WAD0105"  -ConfigFile "C:\Users\carak\AppData\Local\dftmp\Resources\9c02d0a1-e7c0-4d1b-a1bb-f61625fa6dc5\WAD0105\Configuration\MaConfig.xml" -ShutDownEvent WADDM-ShutDown-f3c3d25bb7944bed89fbdcedf966b35f  -TotalShutDownEvent WADDM-TotalShutDown-f3c3d25bb7944bed89fbdcedf966b35f -InitializedEvent WADM-StartUp-f3c3d25bb7944bed89fbdcedf966b35f -parent 20848 -events -wadVer1v5 -UseProxyServer -XStoreAccounts WadAccount#true#devstoreaccount1#Eby8vdM02xNOcqFlqUwJPLlmEtlCDXJ1OUzFT50uSRZ6IFsuFq2UVErCz4I6tq/K1SZFPTOtr/KBHBeksoGMGw==#http://127.0.0.1:10002#http://127.0.0.1:10001#http://127.0.0.1:10000
DiagnosticsPlugin.exe Error: 0 : [22.05.2017 6:25:36] Microsoft.Cis.Monitoring.Query.QueryException: ErrorFail
   в Microsoft.Cis.Monitoring.Query.QueryLocalTable..ctor(String TableName, String TablePath)
   в ApplicationInsightsExtension.MATableReader.ReadTableRecords(String tableName, String tablePath, DateTime startTime, DateTime endTime)
   в Microsoft.Azure.Plugins.Diagnostics.dll.MAStatusWriter.UpdateStatusReport(Object sender, ElapsedEventArgs e)
DiagnosticsPlugin.exe Information: 0 : [22.05.2017 6:26:05] MonAgentHost.exe started
DiagnosticsPlugin.exe Information: 0 : [22.05.2017 6:26:05] DiagnoticsPlugin started.
DiagnosticsPlugin.exe Information: 0 : [22.05.2017 6:26:05] DiagnoticsPlugin now waiting on events "DiagnosticPlugin-ShutdownEvent", "DiagnosticPlugin-TotalShutdownEvent" or "DiagnosticPlugin-RestartEvent".
DiagnosticsPlugin.exe Error: 0 : [22.05.2017 6:26:06] Microsoft.Cis.Monitoring.Query.QueryException: ErrorFail
   в Microsoft.Cis.Monitoring.Query.QueryLocalTable..ctor(String TableName, String TablePath)
   в ApplicationInsightsExtension.MATableReader.ReadTableRecords(String tableName, String tablePath, DateTime startTime, DateTime endTime)
   в Microsoft.Azure.Plugins.Diagnostics.dll.MAStatusWriter.UpdateStatusReport(Object sender, ElapsedEventArgs e)
DiagnosticsPlugin.exe Error: 0 : [22.05.2017 6:26:36] Microsoft.Cis.Monitoring.Query.QueryException: ErrorFail
   в Microsoft.Cis.Monitoring.Query.QueryLocalTable..ctor(String TableName, String TablePath)
   в ApplicationInsightsExtension.MATableReader.ReadTableRecords(String tableName, String tablePath, DateTime startTime, DateTime endTime)
   в Microsoft.Azure.Plugins.Diagnostics.dll.MAStatusWriter.UpdateStatusReport(Object sender, ElapsedEventArgs e)
DiagnosticsPlugin.exe Information: 0 : [22.05.2017 6:26:59] Failed to update IIS Directory state in directory monitor
Не удалось получить фабрику класса COM для компонента с CLSID {2B72133B-3F5B-4602-8952-803546CE3344} из-за следующей ошибки: 80040154 Класс не зарегистрирован (Исключение из HRESULT: 0x80040154 (REGDB_E_CLASSNOTREG)).
DiagnosticsPlugin.exe Error: 0 : [22.05.2017 6:27:06] Microsoft.Cis.Monitoring.Query.QueryException: ErrorFail
   в Microsoft.Cis.Monitoring.Query.QueryLocalTable..ctor(String TableName, String TablePath)
   в ApplicationInsightsExtension.MATableReader.ReadTableRecords(String tableName, String tablePath, DateTime startTime, DateTime endTime)
   в Microsoft.Azure.Plugins.Diagnostics.dll.MAStatusWriter.UpdateStatusReport(Object sender, ElapsedEventArgs e)
DiagnosticsPlugin.exe Error: 0 : [22.05.2017 6:27:36] Microsoft.Cis.Monitoring.Query.QueryException: ErrorFail
   в Microsoft.Cis.Monitoring.Query.QueryLocalTable..ctor(String TableName, String TablePath)
   в ApplicationInsightsExtension.MATableReader.ReadTableRecords(String tableName, String tablePath, DateTime startTime, DateTime endTime)
   в Microsoft.Azure.Plugins.Diagnostics.dll.MAStatusWriter.UpdateStatusReport(Object sender, ElapsedEventArgs e)
